<?xml version="1.0" encoding="UTF-8"?>
<!-- Generated by org.testng.reporters.JUnitReportReporter -->
<testsuite hostname="DESKTOP-IU48NFJ" name="com.actitime.customerTest.CustomerTest" tests="3" failures="0" timestamp="8 Nov 2018 15:34:19 GMT" time="22.122" errors="0">
  <testcase name="CreatetcustomerTest" time="22.118" classname="com.actitime.customerTest.CustomerTest"/>
  <testcase name="DeleteCustomerTest" time="0.001" classname="com.actitime.customerTest.CustomerTest"/>
  <testcase name="EditCustomerTest" time="0.003" classname="com.actitime.customerTest.CustomerTest"/>
</testsuite> <!-- com.actitime.customerTest.CustomerTest -->
